25-06-2020 12:27:14	This log contains information about the import schema operation into project 'ProjectManagersTool.Database' on computer 'DNETCTS31' by user 'ctsdotnetuser15'.
25-06-2020 12:27:14	Import of database schema has started.
25-06-2020 12:27:21	Gathering database options
25-06-2020 12:27:21	Gathering users
25-06-2020 12:27:21	Gathering roles
25-06-2020 12:27:21	Gathering application roles
25-06-2020 12:27:21	Gathering role memberships
25-06-2020 12:27:21	Gathering filegroups
25-06-2020 12:27:21	Gathering full-text catalogs
25-06-2020 12:27:21	Gathering assemblies
25-06-2020 12:27:21	Gathering certificates
25-06-2020 12:27:21	Gathering asymmetric keys
25-06-2020 12:27:21	Gathering symmetric keys
25-06-2020 12:27:21	Gathering encrypted symmetric keys
25-06-2020 12:27:21	Gathering schemas
25-06-2020 12:27:21	Gathering XML schema collections
25-06-2020 12:27:21	Gathering user-defined data types
25-06-2020 12:27:21	Gathering user-defined types
25-06-2020 12:27:21	Gathering table types
25-06-2020 12:27:21	Gathering unique keys for table types
25-06-2020 12:27:21	Gathering primary keys for table types
25-06-2020 12:27:21	Gathering check constraints for table types
25-06-2020 12:27:21	Gathering default constraints for table types
25-06-2020 12:27:21	Gathering partition functions
25-06-2020 12:27:21	Gathering partition schemes
25-06-2020 12:27:21	Gathering functions
25-06-2020 12:27:21	Gathering encrypted functions
25-06-2020 12:27:21	Gathering aggregates
25-06-2020 12:27:21	Gathering procedures
25-06-2020 12:27:21	Gathering encrypted procedures
25-06-2020 12:27:21	Gathering tables
25-06-2020 12:27:21	Gathering primary keys
25-06-2020 12:27:21	Gathering unique constraints
25-06-2020 12:27:21	Gathering foreign keys
25-06-2020 12:27:21	Gathering default constraints
25-06-2020 12:27:21	Gathering check constraints
25-06-2020 12:27:21	Gathering views
25-06-2020 12:27:21	Gathering encrypted views
25-06-2020 12:27:21	Gathering indexes
25-06-2020 12:27:21	Gathering statistics
25-06-2020 12:27:21	Gathering full-text index stoplists
25-06-2020 12:27:21	Gathering search property lists
25-06-2020 12:27:21	Gathering search properties
25-06-2020 12:27:21	Gathering full-text indexes
25-06-2020 12:27:21	Gathering column store indexes
25-06-2020 12:27:21	Gathering spatial indexes
25-06-2020 12:27:21	Gathering XML indexes
25-06-2020 12:27:21	Gathering Selective XML indexes
25-06-2020 12:27:21	Gathering encrypted triggers
25-06-2020 12:27:21	Gathering triggers
25-06-2020 12:27:21	Gathering encrypted and clr ddl triggers
25-06-2020 12:27:21	Gathering ddl triggers
25-06-2020 12:27:21	Gathering synonyms
25-06-2020 12:27:21	Gathering defaults
25-06-2020 12:27:21	Gathering data constraint uddt bindings
25-06-2020 12:27:21	Gathering rules
25-06-2020 12:27:21	Gathering data constraint uddt bindings
25-06-2020 12:27:21	Gathering message types
25-06-2020 12:27:21	Gathering queues
25-06-2020 12:27:21	Gathering contracts
25-06-2020 12:27:21	Gathering services
25-06-2020 12:27:21	Gathering event notifications
25-06-2020 12:27:21	Gathering remote service bindings
25-06-2020 12:27:21	Gathering broker priorities
25-06-2020 12:27:21	Gathering signatures
25-06-2020 12:27:21	Gathering data compression options
25-06-2020 12:27:21	Gathering sequence types
25-06-2020 12:27:21	Gathering extended properties
25-06-2020 12:27:21	Gathering credentials
25-06-2020 12:27:21	Gathering logins
25-06-2020 12:27:21	Gathering server audits
25-06-2020 12:27:22	Scanning project for duplicate elements
25-06-2020 12:27:22	Finished duplicate element processing
25-06-2020 12:27:22	Finished importing database.
25-06-2020 12:27:22	A summary of the import was saved to the following location: D:\Project_Space\ProjectMgrAPI\ProjectManagersTool.Database\Import Schema Logs\ProjectManagersTool._20200625065714.log
25-06-2020 12:27:22	Click Finish to continue...
